
*** Running vivado
    with args -log au_top_0.vds -m64 -product Vivado -mode batch -messageDb vivado.pb -notrace -source au_top_0.tcl



****** Vivado v2020.1 (64-bit)
  **** SW Build 2902540 on Wed May 27 19:54:49 MDT 2020
  **** IP Build 2902112 on Wed May 27 22:43:36 MDT 2020
    ** Copyright 1986-2020 Xilinx, Inc. All Rights Reserved.

source au_top_0.tcl -notrace
Command: synth_design -top au_top_0 -part xc7a35tftg256-1
Starting synth_design
Attempting to get a license for feature 'Synthesis' and/or device 'xc7a35t'
INFO: [Common 17-349] Got license for feature 'Synthesis' and/or device 'xc7a35t'
INFO: [Device 21-403] Loading part xc7a35tftg256-1
INFO: [Synth 8-7079] Multithreading enabled for synth_design using a maximum of 2 processes.
INFO: [Synth 8-7078] Launching helper process for spawning children vivado processes
INFO: [Synth 8-7075] Helper process launched with PID 39060
---------------------------------------------------------------------------------
Starting RTL Elaboration : Time (s): cpu = 00:00:04 ; elapsed = 00:00:04 . Memory (MB): peak = 1013.594 ; gain = 0.000
---------------------------------------------------------------------------------
INFO: [Synth 8-6157] synthesizing module 'au_top_0' [C:/Users/rebec/Documents/alchitry/FPGA/work/vivado/FPGA/FPGA.srcs/sources_1/imports/verilog/au_top_0.v:7]
INFO: [Synth 8-6157] synthesizing module 'button_conditioner_3' [C:/Users/rebec/Documents/alchitry/FPGA/work/vivado/FPGA/FPGA.srcs/sources_1/imports/verilog/button_conditioner_3.v:13]
	Parameter CLK_FREQ bound to: 26'b10111110101111000010000000 
	Parameter MIN_DELAY bound to: 5'b10100 
	Parameter NUM_SYNC bound to: 2'b10 
INFO: [Synth 8-6157] synthesizing module 'pipeline_8' [C:/Users/rebec/Documents/alchitry/FPGA/work/vivado/FPGA/FPGA.srcs/sources_1/imports/verilog/pipeline_8.v:11]
	Parameter DEPTH bound to: 2'b10 
INFO: [Synth 8-6155] done synthesizing module 'pipeline_8' (1#1) [C:/Users/rebec/Documents/alchitry/FPGA/work/vivado/FPGA/FPGA.srcs/sources_1/imports/verilog/pipeline_8.v:11]
INFO: [Synth 8-6155] done synthesizing module 'button_conditioner_3' (2#1) [C:/Users/rebec/Documents/alchitry/FPGA/work/vivado/FPGA/FPGA.srcs/sources_1/imports/verilog/button_conditioner_3.v:13]
INFO: [Synth 8-6157] synthesizing module 'edge_detector_4' [C:/Users/rebec/Documents/alchitry/FPGA/work/vivado/FPGA/FPGA.srcs/sources_1/imports/verilog/edge_detector_4.v:12]
	Parameter RISE bound to: 1'b1 
	Parameter FALL bound to: 1'b0 
INFO: [Synth 8-6155] done synthesizing module 'edge_detector_4' (3#1) [C:/Users/rebec/Documents/alchitry/FPGA/work/vivado/FPGA/FPGA.srcs/sources_1/imports/verilog/edge_detector_4.v:12]
INFO: [Synth 8-6157] synthesizing module 'seq_plus_varySlow_1' [C:/Users/rebec/Documents/alchitry/FPGA/work/vivado/FPGA/FPGA.srcs/sources_1/imports/verilog/seq_plus_varySlow_1.v:7]
	Parameter SLOWCLOCK_SIZE bound to: 5'b11011 
	Parameter S0_y_controller bound to: 3'b000 
	Parameter S1_y_controller bound to: 3'b001 
	Parameter S2_y_controller bound to: 3'b010 
	Parameter S3_y_controller bound to: 3'b011 
	Parameter S4_y_controller bound to: 3'b100 
	Parameter S5_y_controller bound to: 3'b101 
	Parameter S6_y_controller bound to: 3'b110 
	Parameter S7_y_controller bound to: 3'b111 
INFO: [Synth 8-6157] synthesizing module 'eight_bit_adder_6' [C:/Users/rebec/Documents/alchitry/FPGA/work/vivado/FPGA/FPGA.srcs/sources_1/imports/verilog/8_bit_full_adder_6.v:7]
INFO: [Synth 8-6157] synthesizing module 'full_adder_9' [C:/Users/rebec/Documents/alchitry/FPGA/work/vivado/FPGA/FPGA.srcs/sources_1/imports/verilog/full_adder_9.v:7]
INFO: [Synth 8-6155] done synthesizing module 'full_adder_9' (4#1) [C:/Users/rebec/Documents/alchitry/FPGA/work/vivado/FPGA/FPGA.srcs/sources_1/imports/verilog/full_adder_9.v:7]
INFO: [Synth 8-6155] done synthesizing module 'eight_bit_adder_6' (5#1) [C:/Users/rebec/Documents/alchitry/FPGA/work/vivado/FPGA/FPGA.srcs/sources_1/imports/verilog/8_bit_full_adder_6.v:7]
INFO: [Synth 8-6157] synthesizing module 'counter_7' [C:/Users/rebec/Documents/alchitry/FPGA/work/vivado/FPGA/FPGA.srcs/sources_1/imports/verilog/counter_7.v:14]
	Parameter SIZE bound to: 5'b11011 
	Parameter DIV bound to: 1'b0 
	Parameter TOP bound to: 1'b0 
	Parameter UP bound to: 1'b1 
	Parameter MAX_VALUE bound to: 1'b0 
INFO: [Synth 8-6155] done synthesizing module 'counter_7' (6#1) [C:/Users/rebec/Documents/alchitry/FPGA/work/vivado/FPGA/FPGA.srcs/sources_1/imports/verilog/counter_7.v:14]
INFO: [Synth 8-6155] done synthesizing module 'seq_plus_varySlow_1' (7#1) [C:/Users/rebec/Documents/alchitry/FPGA/work/vivado/FPGA/FPGA.srcs/sources_1/imports/verilog/seq_plus_varySlow_1.v:7]
INFO: [Synth 8-6157] synthesizing module 'sequence_checker_2' [C:/Users/rebec/Documents/alchitry/FPGA/work/vivado/FPGA/FPGA.srcs/sources_1/imports/verilog/sequence_checker_2.v:7]
	Parameter MATCH bound to: 4'b1011 
	Parameter WAITFIRSTPRESS_check bound to: 2'b00 
	Parameter WAITSECONDPRESS_check bound to: 2'b01 
	Parameter CHECKPRESS_check bound to: 2'b10 
INFO: [Synth 8-155] case statement is not full and has no default [C:/Users/rebec/Documents/alchitry/FPGA/work/vivado/FPGA/FPGA.srcs/sources_1/imports/verilog/sequence_checker_2.v:36]
INFO: [Synth 8-6155] done synthesizing module 'sequence_checker_2' (8#1) [C:/Users/rebec/Documents/alchitry/FPGA/work/vivado/FPGA/FPGA.srcs/sources_1/imports/verilog/sequence_checker_2.v:7]
INFO: [Synth 8-6157] synthesizing module 'reset_conditioner_5' [C:/Users/rebec/Documents/alchitry/FPGA/work/vivado/FPGA/FPGA.srcs/sources_1/imports/verilog/reset_conditioner_5.v:11]
	Parameter STAGES bound to: 3'b100 
INFO: [Synth 8-6155] done synthesizing module 'reset_conditioner_5' (9#1) [C:/Users/rebec/Documents/alchitry/FPGA/work/vivado/FPGA/FPGA.srcs/sources_1/imports/verilog/reset_conditioner_5.v:11]
INFO: [Synth 8-6155] done synthesizing module 'au_top_0' (10#1) [C:/Users/rebec/Documents/alchitry/FPGA/work/vivado/FPGA/FPGA.srcs/sources_1/imports/verilog/au_top_0.v:7]
---------------------------------------------------------------------------------
Finished RTL Elaboration : Time (s): cpu = 00:00:05 ; elapsed = 00:00:05 . Memory (MB): peak = 1013.594 ; gain = 0.000
---------------------------------------------------------------------------------
---------------------------------------------------------------------------------
Start Handling Custom Attributes
---------------------------------------------------------------------------------
---------------------------------------------------------------------------------
Finished Handling Custom Attributes : Time (s): cpu = 00:00:05 ; elapsed = 00:00:06 . Memory (MB): peak = 1013.594 ; gain = 0.000
---------------------------------------------------------------------------------
---------------------------------------------------------------------------------
Finished RTL Optimization Phase 1 : Time (s): cpu = 00:00:05 ; elapsed = 00:00:06 . Memory (MB): peak = 1013.594 ; gain = 0.000
---------------------------------------------------------------------------------
Netlist sorting complete. Time (s): cpu = 00:00:00 ; elapsed = 00:00:00.002 . Memory (MB): peak = 1013.594 ; gain = 0.000
INFO: [Project 1-570] Preparing netlist for logic optimization

Processing XDC Constraints
Initializing timing engine
Parsing XDC File [C:/Users/rebec/Documents/alchitry/FPGA/work/constraint/alchitry.xdc]
Finished Parsing XDC File [C:/Users/rebec/Documents/alchitry/FPGA/work/constraint/alchitry.xdc]
INFO: [Project 1-236] Implementation specific constraints were found while reading constraint file [C:/Users/rebec/Documents/alchitry/FPGA/work/constraint/alchitry.xdc]. These constraints will be ignored for synthesis but will be used in implementation. Impacted constraints are listed in the file [.Xil/au_top_0_propImpl.xdc].
Resolution: To avoid this warning, move constraints listed in [.Xil/au_top_0_propImpl.xdc] to another XDC file and exclude this new file from synthesis with the used_in_synthesis property (File Properties dialog in GUI) and re-run elaboration/synthesis.
Parsing XDC File [C:/Users/rebec/Documents/alchitry/FPGA/work/constraint/io.xdc]
Finished Parsing XDC File [C:/Users/rebec/Documents/alchitry/FPGA/work/constraint/io.xdc]
INFO: [Project 1-236] Implementation specific constraints were found while reading constraint file [C:/Users/rebec/Documents/alchitry/FPGA/work/constraint/io.xdc]. These constraints will be ignored for synthesis but will be used in implementation. Impacted constraints are listed in the file [.Xil/au_top_0_propImpl.xdc].
Resolution: To avoid this warning, move constraints listed in [.Xil/au_top_0_propImpl.xdc] to another XDC file and exclude this new file from synthesis with the used_in_synthesis property (File Properties dialog in GUI) and re-run elaboration/synthesis.
Parsing XDC File [C:/Program Files/Alchitry/Alchitry Labs/library/components/au.xdc]
Finished Parsing XDC File [C:/Program Files/Alchitry/Alchitry Labs/library/components/au.xdc]
Completed Processing XDC Constraints

Netlist sorting complete. Time (s): cpu = 00:00:00 ; elapsed = 00:00:00.001 . Memory (MB): peak = 1013.594 ; gain = 0.000
INFO: [Project 1-111] Unisim Transformation Summary:
No Unisim elements were transformed.

Constraint Validation Runtime : Time (s): cpu = 00:00:00 ; elapsed = 00:00:00.008 . Memory (MB): peak = 1013.594 ; gain = 0.000
---------------------------------------------------------------------------------
Finished Constraint Validation : Time (s): cpu = 00:00:11 ; elapsed = 00:00:12 . Memory (MB): peak = 1013.594 ; gain = 0.000
---------------------------------------------------------------------------------
---------------------------------------------------------------------------------
Start Loading Part and Timing Information
---------------------------------------------------------------------------------
Loading part: xc7a35tftg256-1
---------------------------------------------------------------------------------
Finished Loading Part and Timing Information : Time (s): cpu = 00:00:11 ; elapsed = 00:00:12 . Memory (MB): peak = 1013.594 ; gain = 0.000
---------------------------------------------------------------------------------
---------------------------------------------------------------------------------
Start Applying 'set_property' XDC Constraints
---------------------------------------------------------------------------------
---------------------------------------------------------------------------------
Finished applying 'set_property' XDC Constraints : Time (s): cpu = 00:00:11 ; elapsed = 00:00:12 . Memory (MB): peak = 1013.594 ; gain = 0.000
---------------------------------------------------------------------------------
INFO: [Synth 8-802] inferred FSM for state register 'M_y_controller_q_reg' in module 'seq_plus_varySlow_1'
INFO: [Synth 8-802] inferred FSM for state register 'M_check_q_reg' in module 'sequence_checker_2'
---------------------------------------------------------------------------------------------------
                   State |                     New Encoding |                Previous Encoding 
---------------------------------------------------------------------------------------------------
         S0_y_controller |                         00000001 |                              000
         S1_y_controller |                         00000010 |                              001
         S2_y_controller |                         00000100 |                              010
         S3_y_controller |                         00001000 |                              011
         S4_y_controller |                         00010000 |                              100
         S5_y_controller |                         00100000 |                              101
         S6_y_controller |                         01000000 |                              110
         S7_y_controller |                         10000000 |                              111
---------------------------------------------------------------------------------------------------
INFO: [Synth 8-3354] encoded FSM with state register 'M_y_controller_q_reg' using encoding 'one-hot' in module 'seq_plus_varySlow_1'
---------------------------------------------------------------------------------------------------
                   State |                     New Encoding |                Previous Encoding 
---------------------------------------------------------------------------------------------------
    WAITFIRSTPRESS_check |                               00 |                               00
   WAITSECONDPRESS_check |                               01 |                               01
        CHECKPRESS_check |                               10 |                               10
---------------------------------------------------------------------------------------------------
INFO: [Synth 8-3354] encoded FSM with state register 'M_check_q_reg' using encoding 'sequential' in module 'sequence_checker_2'
---------------------------------------------------------------------------------
Finished RTL Optimization Phase 2 : Time (s): cpu = 00:00:12 ; elapsed = 00:00:12 . Memory (MB): peak = 1013.594 ; gain = 0.000
---------------------------------------------------------------------------------
---------------------------------------------------------------------------------
Start RTL Component Statistics 
---------------------------------------------------------------------------------
Detailed RTL Component Info : 
+---XORs : 
	   3 Input      1 Bit         XORs := 8     
+---Registers : 
	                4 Bit    Registers := 2     
	                3 Bit    Registers := 1     
	                2 Bit    Registers := 4     
	                1 Bit    Registers := 5     
+---Muxes : 
	   8 Input    8 Bit        Muxes := 1     
	   2 Input    8 Bit        Muxes := 1     
	   3 Input    4 Bit        Muxes := 2     
	   3 Input    3 Bit        Muxes := 1     
	   2 Input    2 Bit        Muxes := 7     
	   3 Input    2 Bit        Muxes := 1     
	   8 Input    1 Bit        Muxes := 3     
	   2 Input    1 Bit        Muxes := 1     
	   3 Input    1 Bit        Muxes := 2     
---------------------------------------------------------------------------------
Finished RTL Component Statistics 
---------------------------------------------------------------------------------
---------------------------------------------------------------------------------
Start Part Resource Summary
---------------------------------------------------------------------------------
Part Resources:
DSPs: 90 (col length:60)
BRAMs: 100 (col length: RAMB18 60 RAMB36 30)
---------------------------------------------------------------------------------
Finished Part Resource Summary
---------------------------------------------------------------------------------
---------------------------------------------------------------------------------
Start Cross Boundary and Area Optimization
---------------------------------------------------------------------------------
---------------------------------------------------------------------------------
Finished Cross Boundary and Area Optimization : Time (s): cpu = 00:00:13 ; elapsed = 00:00:14 . Memory (MB): peak = 1013.594 ; gain = 0.000
---------------------------------------------------------------------------------
---------------------------------------------------------------------------------
Start Applying XDC Timing Constraints
---------------------------------------------------------------------------------
---------------------------------------------------------------------------------
Finished Applying XDC Timing Constraints : Time (s): cpu = 00:00:20 ; elapsed = 00:00:20 . Memory (MB): peak = 1013.594 ; gain = 0.000
---------------------------------------------------------------------------------
---------------------------------------------------------------------------------
Start Timing Optimization
---------------------------------------------------------------------------------
---------------------------------------------------------------------------------
Finished Timing Optimization : Time (s): cpu = 00:00:20 ; elapsed = 00:00:20 . Memory (MB): peak = 1013.594 ; gain = 0.000
---------------------------------------------------------------------------------
---------------------------------------------------------------------------------
Start Technology Mapping
---------------------------------------------------------------------------------
---------------------------------------------------------------------------------
Finished Technology Mapping : Time (s): cpu = 00:00:20 ; elapsed = 00:00:21 . Memory (MB): peak = 1013.594 ; gain = 0.000
---------------------------------------------------------------------------------
---------------------------------------------------------------------------------
Start IO Insertion
---------------------------------------------------------------------------------
---------------------------------------------------------------------------------
Start Flattening Before IO Insertion
---------------------------------------------------------------------------------
---------------------------------------------------------------------------------
Finished Flattening Before IO Insertion
---------------------------------------------------------------------------------
---------------------------------------------------------------------------------
Start Final Netlist Cleanup
---------------------------------------------------------------------------------
---------------------------------------------------------------------------------
Finished Final Netlist Cleanup
---------------------------------------------------------------------------------
---------------------------------------------------------------------------------
Finished IO Insertion : Time (s): cpu = 00:00:24 ; elapsed = 00:00:24 . Memory (MB): peak = 1013.594 ; gain = 0.000
---------------------------------------------------------------------------------
---------------------------------------------------------------------------------
Start Renaming Generated Instances
---------------------------------------------------------------------------------
---------------------------------------------------------------------------------
Finished Renaming Generated Instances : Time (s): cpu = 00:00:24 ; elapsed = 00:00:24 . Memory (MB): peak = 1013.594 ; gain = 0.000
---------------------------------------------------------------------------------
---------------------------------------------------------------------------------
Start Rebuilding User Hierarchy
---------------------------------------------------------------------------------
---------------------------------------------------------------------------------
Finished Rebuilding User Hierarchy : Time (s): cpu = 00:00:24 ; elapsed = 00:00:24 . Memory (MB): peak = 1013.594 ; gain = 0.000
---------------------------------------------------------------------------------
---------------------------------------------------------------------------------
Start Renaming Generated Ports
---------------------------------------------------------------------------------
---------------------------------------------------------------------------------
Finished Renaming Generated Ports : Time (s): cpu = 00:00:24 ; elapsed = 00:00:24 . Memory (MB): peak = 1013.594 ; gain = 0.000
---------------------------------------------------------------------------------
---------------------------------------------------------------------------------
Start Handling Custom Attributes
---------------------------------------------------------------------------------
---------------------------------------------------------------------------------
Finished Handling Custom Attributes : Time (s): cpu = 00:00:24 ; elapsed = 00:00:24 . Memory (MB): peak = 1013.594 ; gain = 0.000
---------------------------------------------------------------------------------
---------------------------------------------------------------------------------
Start Renaming Generated Nets
---------------------------------------------------------------------------------
---------------------------------------------------------------------------------
Finished Renaming Generated Nets : Time (s): cpu = 00:00:24 ; elapsed = 00:00:24 . Memory (MB): peak = 1013.594 ; gain = 0.000
---------------------------------------------------------------------------------
---------------------------------------------------------------------------------
Start Writing Synthesis Report
---------------------------------------------------------------------------------

Report BlackBoxes: 
+-+--------------+----------+
| |BlackBox name |Instances |
+-+--------------+----------+
+-+--------------+----------+

Report Cell Usage: 
+------+-------+------+
|      |Cell   |Count |
+------+-------+------+
|1     |BUFG   |     1|
|2     |CARRY4 |    20|
|3     |LUT1   |    10|
|4     |LUT3   |     4|
|5     |LUT4   |    20|
|6     |LUT5   |    12|
|7     |LUT6   |     5|
|8     |FDRE   |   100|
|9     |FDSE   |     4|
|10    |IBUF   |     7|
|11    |OBUF   |    45|
+------+-------+------+
---------------------------------------------------------------------------------
Finished Writing Synthesis Report : Time (s): cpu = 00:00:24 ; elapsed = 00:00:24 . Memory (MB): peak = 1013.594 ; gain = 0.000
---------------------------------------------------------------------------------
Synthesis finished with 0 errors, 0 critical warnings and 0 warnings.
Synthesis Optimization Runtime : Time (s): cpu = 00:00:17 ; elapsed = 00:00:22 . Memory (MB): peak = 1013.594 ; gain = 0.000
Synthesis Optimization Complete : Time (s): cpu = 00:00:24 ; elapsed = 00:00:24 . Memory (MB): peak = 1013.594 ; gain = 0.000
INFO: [Project 1-571] Translating synthesized netlist
Netlist sorting complete. Time (s): cpu = 00:00:00 ; elapsed = 00:00:00.003 . Memory (MB): peak = 1013.594 ; gain = 0.000
INFO: [Netlist 29-17] Analyzing 20 Unisim elements for replacement
INFO: [Netlist 29-28] Unisim Transformation completed in 0 CPU seconds
INFO: [Project 1-570] Preparing netlist for logic optimization
INFO: [Opt 31-138] Pushed 0 inverter(s) to 0 load pin(s).
Netlist sorting complete. Time (s): cpu = 00:00:00 ; elapsed = 00:00:00 . Memory (MB): peak = 1013.594 ; gain = 0.000
INFO: [Project 1-111] Unisim Transformation Summary:
No Unisim elements were transformed.

INFO: [Common 17-83] Releasing license: Synthesis
41 Infos, 0 Warnings, 0 Critical Warnings and 0 Errors encountered.
synth_design completed successfully
synth_design: Time (s): cpu = 00:00:29 ; elapsed = 00:00:30 . Memory (MB): peak = 1013.594 ; gain = 0.000
INFO: [Common 17-1381] The checkpoint 'C:/Users/rebec/Documents/alchitry/FPGA/work/vivado/FPGA/FPGA.runs/synth_1/au_top_0.dcp' has been generated.
INFO: [runtcl-4] Executing : report_utilization -file au_top_0_utilization_synth.rpt -pb au_top_0_utilization_synth.pb
INFO: [Common 17-206] Exiting Vivado at Wed Oct  7 01:43:25 2020...
