Warnings in file C:\Users\rebec\Documents\alchitry\MHP\source\au_top.luc:
    Line 112, Column 28 : The signal "eightbitadder.s" is wider than "a_b_cout_output" and the most significant bits will be dropped
    Line 10, Column 4 : "io_button" was never used
    Line 58, Column 28 : The signal "eightbitadder.s" is wider than "a_b_cout_output" and the most significant bits will be dropped
    Line 85, Column 26 : The signal "eightbitadder.s" is wider than "a_b_cout_output" and the most significant bits will be dropped
Starting Vivado...

****** Vivado v2020.1 (64-bit)
  **** SW Build 2902540 on Wed May 27 19:54:49 MDT 2020
  **** IP Build 2902112 on Wed May 27 22:43:36 MDT 2020
    ** Copyright 1986-2020 Xilinx, Inc. All Rights Reserved.

source {C:\Users\rebec\Documents\alchitry\MHP\work\project.tcl}
# set projDir "C:/Users/rebec/Documents/alchitry/MHP/work/vivado"
# set projName "MHP"
# set topName top
# set device xc7a35tftg256-1
# if {[file exists "$projDir/$projName"]} { file delete -force "$projDir/$projName" }
# create_project $projName "$projDir/$projName" -part $device
# set_property design_mode RTL [get_filesets sources_1]
# set verilogSources [list "C:/Users/rebec/Documents/alchitry/MHP/work/verilog/au_top_0.v" "C:/Users/rebec/Documents/alchitry/MHP/work/verilog/full_adder_1.v" "C:/Users/rebec/Documents/alchitry/MHP/work/verilog/eight_bit_adder_2.v" "C:/Users/rebec/Documents/alchitry/MHP/work/verilog/counter_3.v" "C:/Users/rebec/Documents/alchitry/MHP/work/verilog/edge_detector_4.v" "C:/Users/rebec/Documents/alchitry/MHP/work/verilog/reset_conditioner_5.v" ]
# import_files -fileset [get_filesets sources_1] -force -norecurse $verilogSources
# set xdcSources [list "C:/Users/rebec/Documents/alchitry/MHP/work/constraint/alchitry.xdc" "C:/Users/rebec/Documents/alchitry/MHP/work/constraint/io.xdc" "C:/Program\ Files/Alchitry/Alchitry\ Labs/library/components/au.xdc" ]
# read_xdc $xdcSources
# set_property STEPS.WRITE_BITSTREAM.ARGS.BIN_FILE true [get_runs impl_1]
# update_compile_order -fileset sources_1
# launch_runs -runs synth_1 -jobs 8

[Sat Oct 10 20:54:01 2020] Launched synth_1...
Run output will be captured here: C:/Users/rebec/Documents/alchitry/MHP/work/vivado/MHP/MHP.runs/synth_1/runme.log
# wait_on_run synth_1
[Sat Oct 10 20:54:01 2020] Waiting for synth_1 to finish...

*** Running vivado
    with args -log au_top_0.vds -m64 -product Vivado -mode batch -messageDb vivado.pb -notrace -source au_top_0.tcl



****** Vivado v2020.1 (64-bit)
  **** SW Build 2902540 on Wed May 27 19:54:49 MDT 2020
  **** IP Build 2902112 on Wed May 27 22:43:36 MDT 2020
    ** Copyright 1986-2020 Xilinx, Inc. All Rights Reserved.

source au_top_0.tcl -notrace
Command: synth_design -top au_top_0 -part xc7a35tftg256-1
Starting synth_design
Attempting to get a license for feature 'Synthesis' and/or device 'xc7a35t'
INFO: [Common 17-349] Got license for feature 'Synthesis' and/or device 'xc7a35t'
INFO: [Device 21-403] Loading part xc7a35tftg256-1
INFO: [Synth 8-7079] Multithreading enabled for synth_design using a maximum of 2 processes.
INFO: [Synth 8-7078] Launching helper process for spawning children vivado processes
INFO: [Synth 8-7075] Helper process launched with PID 20484
---------------------------------------------------------------------------------
Starting RTL Elaboration : Time (s): cpu = 00:00:04 ; elapsed = 00:00:04 . Memory (MB): peak = 1013.652 ; gain = 0.000
---------------------------------------------------------------------------------
INFO: [Synth 8-6157] synthesizing module 'au_top_0' [C:/Users/rebec/Documents/alchitry/MHP/work/vivado/MHP/MHP.srcs/sources_1/imports/verilog/au_top_0.v:7]
	Parameter S0_y_controller bound to: 2'b00 
	Parameter S1_y_controller bound to: 2'b01 
	Parameter S2_y_controller bound to: 2'b10 
INFO: [Synth 8-6157] synthesizing module 'full_adder_1' [C:/Users/rebec/Documents/alchitry/MHP/work/vivado/MHP/MHP.srcs/sources_1/imports/verilog/full_adder_1.v:7]
INFO: [Synth 8-6155] done synthesizing module 'full_adder_1' (1#1) [C:/Users/rebec/Documents/alchitry/MHP/work/vivado/MHP/MHP.srcs/sources_1/imports/verilog/full_adder_1.v:7]
INFO: [Synth 8-6157] synthesizing module 'eight_bit_adder_2' [C:/Users/rebec/Documents/alchitry/MHP/work/vivado/MHP/MHP.srcs/sources_1/imports/verilog/eight_bit_adder_2.v:7]
INFO: [Synth 8-6155] done synthesizing module 'eight_bit_adder_2' (2#1) [C:/Users/rebec/Documents/alchitry/MHP/work/vivado/MHP/MHP.srcs/sources_1/imports/verilog/eight_bit_adder_2.v:7]
INFO: [Synth 8-6157] synthesizing module 'counter_3' [C:/Users/rebec/Documents/alchitry/MHP/work/vivado/MHP/MHP.srcs/sources_1/imports/verilog/counter_3.v:14]
	Parameter SIZE bound to: 1'b1 
	Parameter DIV bound to: 5'b11010 
	Parameter TOP bound to: 1'b0 
	Parameter UP bound to: 1'b1 
	Parameter MAX_VALUE bound to: 27'b011111111111111111111111111 
INFO: [Synth 8-6155] done synthesizing module 'counter_3' (3#1) [C:/Users/rebec/Documents/alchitry/MHP/work/vivado/MHP/MHP.srcs/sources_1/imports/verilog/counter_3.v:14]
INFO: [Synth 8-6157] synthesizing module 'edge_detector_4' [C:/Users/rebec/Documents/alchitry/MHP/work/vivado/MHP/MHP.srcs/sources_1/imports/verilog/edge_detector_4.v:12]
	Parameter RISE bound to: 1'b1 
	Parameter FALL bound to: 1'b1 
INFO: [Synth 8-6155] done synthesizing module 'edge_detector_4' (4#1) [C:/Users/rebec/Documents/alchitry/MHP/work/vivado/MHP/MHP.srcs/sources_1/imports/verilog/edge_detector_4.v:12]
INFO: [Synth 8-6157] synthesizing module 'reset_conditioner_5' [C:/Users/rebec/Documents/alchitry/MHP/work/vivado/MHP/MHP.srcs/sources_1/imports/verilog/reset_conditioner_5.v:11]
	Parameter STAGES bound to: 3'b100 
INFO: [Synth 8-6155] done synthesizing module 'reset_conditioner_5' (5#1) [C:/Users/rebec/Documents/alchitry/MHP/work/vivado/MHP/MHP.srcs/sources_1/imports/verilog/reset_conditioner_5.v:11]
INFO: [Synth 8-155] case statement is not full and has no default [C:/Users/rebec/Documents/alchitry/MHP/work/vivado/MHP/MHP.srcs/sources_1/imports/verilog/au_top_0.v:103]
INFO: [Synth 8-6155] done synthesizing module 'au_top_0' (6#1) [C:/Users/rebec/Documents/alchitry/MHP/work/vivado/MHP/MHP.srcs/sources_1/imports/verilog/au_top_0.v:7]
---------------------------------------------------------------------------------
Finished RTL Elaboration : Time (s): cpu = 00:00:05 ; elapsed = 00:00:05 . Memory (MB): peak = 1013.652 ; gain = 0.000
---------------------------------------------------------------------------------
---------------------------------------------------------------------------------
Start Handling Custom Attributes
---------------------------------------------------------------------------------
---------------------------------------------------------------------------------
Finished Handling Custom Attributes : Time (s): cpu = 00:00:05 ; elapsed = 00:00:05 . Memory (MB): peak = 1013.652 ; gain = 0.000
---------------------------------------------------------------------------------
---------------------------------------------------------------------------------
Finished RTL Optimization Phase 1 : Time (s): cpu = 00:00:05 ; elapsed = 00:00:05 . Memory (MB): peak = 1013.652 ; gain = 0.000
---------------------------------------------------------------------------------
Netlist sorting complete. Time (s): cpu = 00:00:00 ; elapsed = 00:00:00.003 . Memory (MB): peak = 1013.652 ; gain = 0.000
INFO: [Project 1-570] Preparing netlist for logic optimization

Processing XDC Constraints
Initializing timing engine
Parsing XDC File [C:/Users/rebec/Documents/alchitry/MHP/work/constraint/alchitry.xdc]
Finished Parsing XDC File [C:/Users/rebec/Documents/alchitry/MHP/work/constraint/alchitry.xdc]
INFO: [Project 1-236] Implementation specific constraints were found while reading constraint file [C:/Users/rebec/Documents/alchitry/MHP/work/constraint/alchitry.xdc]. These constraints will be ignored for synthesis but will be used in implementation. Impacted constraints are listed in the file [.Xil/au_top_0_propImpl.xdc].
Resolution: To avoid this warning, move constraints listed in [.Xil/au_top_0_propImpl.xdc] to another XDC file and exclude this new file from synthesis with the used_in_synthesis property (File Properties dialog in GUI) and re-run elaboration/synthesis.
Parsing XDC File [C:/Users/rebec/Documents/alchitry/MHP/work/constraint/io.xdc]
Finished Parsing XDC File [C:/Users/rebec/Documents/alchitry/MHP/work/constraint/io.xdc]
INFO: [Project 1-236] Implementation specific constraints were found while reading constraint file [C:/Users/rebec/Documents/alchitry/MHP/work/constraint/io.xdc]. These constraints will be ignored for synthesis but will be used in implementation. Impacted constraints are listed in the file [.Xil/au_top_0_propImpl.xdc].
Resolution: To avoid this warning, move constraints listed in [.Xil/au_top_0_propImpl.xdc] to another XDC file and exclude this new file from synthesis with the used_in_synthesis property (File Properties dialog in GUI) and re-run elaboration/synthesis.
Parsing XDC File [C:/Program Files/Alchitry/Alchitry Labs/library/components/au.xdc]
Finished Parsing XDC File [C:/Program Files/Alchitry/Alchitry Labs/library/components/au.xdc]
Completed Processing XDC Constraints

Netlist sorting complete. Time (s): cpu = 00:00:00 ; elapsed = 00:00:00.001 . Memory (MB): peak = 1013.652 ; gain = 0.000
INFO: [Project 1-111] Unisim Transformation Summary:
No Unisim elements were transformed.

Constraint Validation Runtime : Time (s): cpu = 00:00:00 ; elapsed = 00:00:00.006 . Memory (MB): peak = 1013.652 ; gain = 0.000
---------------------------------------------------------------------------------
Finished Constraint Validation : Time (s): cpu = 00:00:11 ; elapsed = 00:00:11 . Memory (MB): peak = 1013.652 ; gain = 0.000
---------------------------------------------------------------------------------
---------------------------------------------------------------------------------
Start Loading Part and Timing Information
---------------------------------------------------------------------------------
Loading part: xc7a35tftg256-1
---------------------------------------------------------------------------------
Finished Loading Part and Timing Information : Time (s): cpu = 00:00:11 ; elapsed = 00:00:11 . Memory (MB): peak = 1013.652 ; gain = 0.000
---------------------------------------------------------------------------------
---------------------------------------------------------------------------------
Start Applying 'set_property' XDC Constraints
---------------------------------------------------------------------------------
---------------------------------------------------------------------------------
Finished applying 'set_property' XDC Constraints : Time (s): cpu = 00:00:11 ; elapsed = 00:00:12 . Memory (MB): peak = 1013.652 ; gain = 0.000
---------------------------------------------------------------------------------
WARNING: [Synth 8-327] inferring latch for variable 'M_fulladder_x_reg' [C:/Users/rebec/Documents/alchitry/MHP/work/vivado/MHP/MHP.srcs/sources_1/imports/verilog/au_top_0.v:33]
WARNING: [Synth 8-327] inferring latch for variable 'M_fulladder_y_reg' [C:/Users/rebec/Documents/alchitry/MHP/work/vivado/MHP/MHP.srcs/sources_1/imports/verilog/au_top_0.v:34]
---------------------------------------------------------------------------------
Finished RTL Optimization Phase 2 : Time (s): cpu = 00:00:11 ; elapsed = 00:00:12 . Memory (MB): peak = 1013.652 ; gain = 0.000
---------------------------------------------------------------------------------
---------------------------------------------------------------------------------
Start RTL Component Statistics 
---------------------------------------------------------------------------------
Detailed RTL Component Info : 
+---XORs : 
	   3 Input      1 Bit         XORs := 9     
+---Registers : 
	                4 Bit    Registers := 1     
	                3 Bit    Registers := 1     
	                2 Bit    Registers := 1     
	                1 Bit    Registers := 1     
+---Muxes : 
	   2 Input   24 Bit        Muxes := 2     
	   4 Input   24 Bit        Muxes := 1     
	   2 Input    3 Bit        Muxes := 2     
	   4 Input    3 Bit        Muxes := 2     
	   3 Input    3 Bit        Muxes := 1     
	   2 Input    2 Bit        Muxes := 1     
	   2 Input    1 Bit        Muxes := 3     
	   4 Input    1 Bit        Muxes := 2     
---------------------------------------------------------------------------------
Finished RTL Component Statistics 
---------------------------------------------------------------------------------
---------------------------------------------------------------------------------
Start Part Resource Summary
---------------------------------------------------------------------------------
Part Resources:
DSPs: 90 (col length:60)
BRAMs: 100 (col length: RAMB18 60 RAMB36 30)
---------------------------------------------------------------------------------
Finished Part Resource Summary
---------------------------------------------------------------------------------
---------------------------------------------------------------------------------
Start Cross Boundary and Area Optimization
---------------------------------------------------------------------------------
---------------------------------------------------------------------------------
Finished Cross Boundary and Area Optimization : Time (s): cpu = 00:00:13 ; elapsed = 00:00:13 . Memory (MB): peak = 1013.652 ; gain = 0.000
---------------------------------------------------------------------------------
---------------------------------------------------------------------------------
Start Applying XDC Timing Constraints
---------------------------------------------------------------------------------
---------------------------------------------------------------------------------
Finished Applying XDC Timing Constraints : Time (s): cpu = 00:00:20 ; elapsed = 00:00:20 . Memory (MB): peak = 1013.652 ; gain = 0.000
---------------------------------------------------------------------------------
---------------------------------------------------------------------------------
Start Timing Optimization
---------------------------------------------------------------------------------
---------------------------------------------------------------------------------
Finished Timing Optimization : Time (s): cpu = 00:00:20 ; elapsed = 00:00:20 . Memory (MB): peak = 1013.652 ; gain = 0.000
---------------------------------------------------------------------------------
---------------------------------------------------------------------------------
Start Technology Mapping
---------------------------------------------------------------------------------
---------------------------------------------------------------------------------
Finished Technology Mapping : Time (s): cpu = 00:00:20 ; elapsed = 00:00:20 . Memory (MB): peak = 1013.652 ; gain = 0.000
---------------------------------------------------------------------------------
---------------------------------------------------------------------------------
Start IO Insertion
---------------------------------------------------------------------------------
---------------------------------------------------------------------------------
Start Flattening Before IO Insertion
---------------------------------------------------------------------------------
---------------------------------------------------------------------------------
Finished Flattening Before IO Insertion
---------------------------------------------------------------------------------
---------------------------------------------------------------------------------
Start Final Netlist Cleanup
---------------------------------------------------------------------------------
---------------------------------------------------------------------------------
Finished Final Netlist Cleanup
---------------------------------------------------------------------------------
---------------------------------------------------------------------------------
Finished IO Insertion : Time (s): cpu = 00:00:23 ; elapsed = 00:00:24 . Memory (MB): peak = 1013.652 ; gain = 0.000
---------------------------------------------------------------------------------
---------------------------------------------------------------------------------
Start Renaming Generated Instances
---------------------------------------------------------------------------------
---------------------------------------------------------------------------------
Finished Renaming Generated Instances : Time (s): cpu = 00:00:23 ; elapsed = 00:00:24 . Memory (MB): peak = 1013.652 ; gain = 0.000
---------------------------------------------------------------------------------
---------------------------------------------------------------------------------
Start Rebuilding User Hierarchy
---------------------------------------------------------------------------------
---------------------------------------------------------------------------------
Finished Rebuilding User Hierarchy : Time (s): cpu = 00:00:23 ; elapsed = 00:00:24 . Memory (MB): peak = 1013.652 ; gain = 0.000
---------------------------------------------------------------------------------
---------------------------------------------------------------------------------
Start Renaming Generated Ports
---------------------------------------------------------------------------------
---------------------------------------------------------------------------------
Finished Renaming Generated Ports : Time (s): cpu = 00:00:23 ; elapsed = 00:00:24 . Memory (MB): peak = 1013.652 ; gain = 0.000
---------------------------------------------------------------------------------
---------------------------------------------------------------------------------
Start Handling Custom Attributes
---------------------------------------------------------------------------------
---------------------------------------------------------------------------------
Finished Handling Custom Attributes : Time (s): cpu = 00:00:23 ; elapsed = 00:00:24 . Memory (MB): peak = 1013.652 ; gain = 0.000
---------------------------------------------------------------------------------
---------------------------------------------------------------------------------
Start Renaming Generated Nets
---------------------------------------------------------------------------------
---------------------------------------------------------------------------------
Finished Renaming Generated Nets : Time (s): cpu = 00:00:23 ; elapsed = 00:00:24 . Memory (MB): peak = 1013.652 ; gain = 0.000
---------------------------------------------------------------------------------
---------------------------------------------------------------------------------
Start Writing Synthesis Report
---------------------------------------------------------------------------------

Report BlackBoxes: 
+-+--------------+----------+
| |BlackBox name |Instances |
+-+--------------+----------+
+-+--------------+----------+

Report Cell Usage: 
+------+-------+------+
|      |Cell   |Count |
+------+-------+------+
|1     |BUFG   |     1|
|2     |CARRY4 |     7|
|3     |LUT1   |     2|
|4     |LUT2   |     1|
|5     |LUT4   |     2|
|6     |LUT5   |     1|
|7     |LUT6   |    11|
|8     |FDRE   |    31|
|9     |FDSE   |     4|
|10    |LD     |     2|
|11    |IBUF   |     9|
|12    |OBUF   |    48|
+------+-------+------+
---------------------------------------------------------------------------------
Finished Writing Synthesis Report : Time (s): cpu = 00:00:23 ; elapsed = 00:00:24 . Memory (MB): peak = 1013.652 ; gain = 0.000
---------------------------------------------------------------------------------
Synthesis finished with 0 errors, 0 critical warnings and 2 warnings.
Synthesis Optimization Runtime : Time (s): cpu = 00:00:16 ; elapsed = 00:00:22 . Memory (MB): peak = 1013.652 ; gain = 0.000
Synthesis Optimization Complete : Time (s): cpu = 00:00:23 ; elapsed = 00:00:24 . Memory (MB): peak = 1013.652 ; gain = 0.000
INFO: [Project 1-571] Translating synthesized netlist
Netlist sorting complete. Time (s): cpu = 00:00:00 ; elapsed = 00:00:00.002 . Memory (MB): peak = 1013.652 ; gain = 0.000
INFO: [Netlist 29-17] Analyzing 9 Unisim elements for replacement
INFO: [Netlist 29-28] Unisim Transformation completed in 0 CPU seconds
INFO: [Project 1-570] Preparing netlist for logic optimization
INFO: [Opt 31-138] Pushed 0 inverter(s) to 0 load pin(s).
Netlist sorting complete. Time (s): cpu = 00:00:00 ; elapsed = 00:00:00 . Memory (MB): peak = 1013.652 ; gain = 0.000
INFO: [Project 1-111] Unisim Transformation Summary:
  A total of 2 instances were transformed.
  LD => LDCE: 2 instances

INFO: [Common 17-83] Releasing license: Synthesis
29 Infos, 2 Warnings, 0 Critical Warnings and 0 Errors encountered.
synth_design completed successfully
synth_design: Time (s): cpu = 00:00:29 ; elapsed = 00:00:30 . Memory (MB): peak = 1013.652 ; gain = 0.000
INFO: [Common 17-1381] The checkpoint 'C:/Users/rebec/Documents/alchitry/MHP/work/vivado/MHP/MHP.runs/synth_1/au_top_0.dcp' has been generated.
INFO: [runtcl-4] Executing : report_utilization -file au_top_0_utilization_synth.rpt -pb au_top_0_utilization_synth.pb
INFO: [Common 17-206] Exiting Vivado at Sat Oct 10 20:54:35 2020...
[Sat Oct 10 20:54:36 2020] synth_1 finished
wait_on_run: Time (s): cpu = 00:00:00 ; elapsed = 00:00:35 . Memory (MB): peak = 1013.418 ; gain = 0.000
# launch_runs impl_1 -to_step write_bitstream -jobs 8
[Sat Oct 10 20:54:36 2020] Launched impl_1...
Run output will be captured here: C:/Users/rebec/Documents/alchitry/MHP/work/vivado/MHP/MHP.runs/impl_1/runme.log
# wait_on_run impl_1
[Sat Oct 10 20:54:36 2020] Waiting for impl_1 to finish...


*** Running vivado
    with args -log au_top_0.vdi -applog -m64 -product Vivado -messageDb vivado.pb -mode batch -source au_top_0.tcl -notrace



****** Vivado v2020.1 (64-bit)
  **** SW Build 2902540 on Wed May 27 19:54:49 MDT 2020
  **** IP Build 2902112 on Wed May 27 22:43:36 MDT 2020
    ** Copyright 1986-2020 Xilinx, Inc. All Rights Reserved.

source au_top_0.tcl -notrace
Command: link_design -top au_top_0 -part xc7a35tftg256-1
Design is defaulting to srcset: sources_1
Design is defaulting to constrset: constrs_1
INFO: [Device 21-403] Loading part xc7a35tftg256-1
Netlist sorting complete. Time (s): cpu = 00:00:00 ; elapsed = 00:00:00.001 . Memory (MB): peak = 1014.648 ; gain = 0.000
INFO: [Netlist 29-17] Analyzing 7 Unisim elements for replacement
INFO: [Netlist 29-28] Unisim Transformation completed in 0 CPU seconds
INFO: [Project 1-479] Netlist was created with Vivado 2020.1
INFO: [Project 1-570] Preparing netlist for logic optimization
Parsing XDC File [C:/Users/rebec/Documents/alchitry/MHP/work/constraint/alchitry.xdc]
Finished Parsing XDC File [C:/Users/rebec/Documents/alchitry/MHP/work/constraint/alchitry.xdc]
Parsing XDC File [C:/Users/rebec/Documents/alchitry/MHP/work/constraint/io.xdc]
Finished Parsing XDC File [C:/Users/rebec/Documents/alchitry/MHP/work/constraint/io.xdc]
Parsing XDC File [C:/Program Files/Alchitry/Alchitry Labs/library/components/au.xdc]
Finished Parsing XDC File [C:/Program Files/Alchitry/Alchitry Labs/library/components/au.xdc]
INFO: [Opt 31-138] Pushed 0 inverter(s) to 0 load pin(s).
Netlist sorting complete. Time (s): cpu = 00:00:00 ; elapsed = 00:00:00 . Memory (MB): peak = 1014.648 ; gain = 0.000
INFO: [Project 1-111] Unisim Transformation Summary:
No Unisim elements were transformed.

7 Infos, 0 Warnings, 0 Critical Warnings and 0 Errors encountered.
link_design completed successfully
link_design: Time (s): cpu = 00:00:06 ; elapsed = 00:00:07 . Memory (MB): peak = 1014.648 ; gain = 0.000
Command: opt_design
Attempting to get a license for feature 'Implementation' and/or device 'xc7a35t'
INFO: [Common 17-349] Got license for feature 'Implementation' and/or device 'xc7a35t'
Running DRC as a precondition to command opt_design

Starting DRC Task
INFO: [DRC 23-27] Running DRC with 2 threads
INFO: [Project 1-461] DRC finished with 0 Errors
INFO: [Project 1-462] Please refer to the DRC report (report_drc) for more information.

Time (s): cpu = 00:00:01 ; elapsed = 00:00:00.841 . Memory (MB): peak = 1014.648 ; gain = 0.000

Starting Cache Timing Information Task
INFO: [Timing 38-35] Done setting XDC timing constraints.
Ending Cache Timing Information Task | Checksum: 1b6a6add5

Time (s): cpu = 00:00:08 ; elapsed = 00:00:08 . Memory (MB): peak = 1220.309 ; gain = 205.660

Starting Logic Optimization Task

Phase 1 Retarget
INFO: [Opt 31-138] Pushed 0 inverter(s) to 0 load pin(s).
INFO: [Opt 31-49] Retargeted 0 cell(s).
Phase 1 Retarget | Checksum: 1b6a6add5

Time (s): cpu = 00:00:00 ; elapsed = 00:00:00.011 . Memory (MB): peak = 1414.379 ; gain = 0.000
INFO: [Opt 31-389] Phase Retarget created 0 cells and removed 0 cells

Phase 2 Constant propagation
INFO: [Opt 31-138] Pushed 0 inverter(s) to 0 load pin(s).
Phase 2 Constant propagation | Checksum: 1b6a6add5

Time (s): cpu = 00:00:00 ; elapsed = 00:00:00.012 . Memory (MB): peak = 1414.379 ; gain = 0.000
INFO: [Opt 31-389] Phase Constant propagation created 0 cells and removed 0 cells

Phase 3 Sweep
Phase 3 Sweep | Checksum: 1b089d1ad

Time (s): cpu = 00:00:00 ; elapsed = 00:00:00.016 . Memory (MB): peak = 1414.379 ; gain = 0.000
INFO: [Opt 31-389] Phase Sweep created 0 cells and removed 0 cells

Phase 4 BUFG optimization
Phase 4 BUFG optimization | Checksum: 1b089d1ad

Time (s): cpu = 00:00:00 ; elapsed = 00:00:00.019 . Memory (MB): peak = 1414.379 ; gain = 0.000
INFO: [Opt 31-662] Phase BUFG optimization created 0 cells of which 0 are BUFGs and removed 0 cells.

Phase 5 Shift Register Optimization
INFO: [Opt 31-1064] SRL Remap converted 0 SRLs to 0 registers and converted 0 registers of register chains to 0 SRLs
Phase 5 Shift Register Optimization | Checksum: 1b089d1ad

Time (s): cpu = 00:00:00 ; elapsed = 00:00:00.021 . Memory (MB): peak = 1414.379 ; gain = 0.000
INFO: [Opt 31-389] Phase Shift Register Optimization created 0 cells and removed 0 cells

Phase 6 Post Processing Netlist
Phase 6 Post Processing Netlist | Checksum: 1b089d1ad

Time (s): cpu = 00:00:00 ; elapsed = 00:00:00.023 . Memory (MB): peak = 1414.379 ; gain = 0.000
INFO: [Opt 31-389] Phase Post Processing Netlist created 0 cells and removed 0 cells
Opt_design Change Summary
=========================


-------------------------------------------------------------------------------------------------------------------------
|  Phase                        |  #Cells created  |  #Cells Removed  |  #Constrained objects preventing optimizations  |
-------------------------------------------------------------------------------------------------------------------------
|  Retarget                     |               0  |               0  |                                              0  |
|  Constant propagation         |               0  |               0  |                                              0  |
|  Sweep                        |               0  |               0  |                                              0  |
|  BUFG optimization            |               0  |               0  |                                              0  |
|  Shift Register Optimization  |               0  |               0  |                                              0  |
|  Post Processing Netlist      |               0  |               0  |                                              0  |
-------------------------------------------------------------------------------------------------------------------------



Starting Connectivity Check Task

Time (s): cpu = 00:00:00 ; elapsed = 00:00:00.001 . Memory (MB): peak = 1414.379 ; gain = 0.000
Ending Logic Optimization Task | Checksum: 16fea9b83

Time (s): cpu = 00:00:00 ; elapsed = 00:00:00.029 . Memory (MB): peak = 1414.379 ; gain = 0.000

Starting Power Optimization Task
INFO: [Pwropt 34-132] Skipping clock gating for clocks with a period < 2.00 ns.
Ending Power Optimization Task | Checksum: 16fea9b83

Time (s): cpu = 00:00:00 ; elapsed = 00:00:00.008 . Memory (MB): peak = 1414.379 ; gain = 0.000

Starting Final Cleanup Task
Ending Final Cleanup Task | Checksum: 16fea9b83

Time (s): cpu = 00:00:00 ; elapsed = 00:00:00 . Memory (MB): peak = 1414.379 ; gain = 0.000

Starting Netlist Obfuscation Task
Netlist sorting complete. Time (s): cpu = 00:00:00 ; elapsed = 00:00:00 . Memory (MB): peak = 1414.379 ; gain = 0.000
Ending Netlist Obfuscation Task | Checksum: 16fea9b83

Time (s): cpu = 00:00:00 ; elapsed = 00:00:00.001 . Memory (MB): peak = 1414.379 ; gain = 0.000
INFO: [Common 17-83] Releasing license: Implementation
24 Infos, 0 Warnings, 0 Critical Warnings and 0 Errors encountered.
opt_design completed successfully
opt_design: Time (s): cpu = 00:00:11 ; elapsed = 00:00:11 . Memory (MB): peak = 1414.379 ; gain = 399.730
INFO: [Timing 38-480] Writing timing data to binary archive.
Writing placer database...
Writing XDEF routing.
Writing XDEF routing logical nets.
Writing XDEF routing special nets.
Write XDEF Complete: Time (s): cpu = 00:00:01 ; elapsed = 00:00:00.057 . Memory (MB): peak = 1414.379 ; gain = 0.000
INFO: [Common 17-1381] The checkpoint 'C:/Users/rebec/Documents/alchitry/MHP/work/vivado/MHP/MHP.runs/impl_1/au_top_0_opt.dcp' has been generated.
INFO: [runtcl-4] Executing : report_drc -file au_top_0_drc_opted.rpt -pb au_top_0_drc_opted.pb -rpx au_top_0_drc_opted.rpx
Command: report_drc -file au_top_0_drc_opted.rpt -pb au_top_0_drc_opted.pb -rpx au_top_0_drc_opted.rpx
INFO: [IP_Flow 19-234] Refreshing IP repositories
INFO: [IP_Flow 19-1704] No user IP repositories specified
INFO: [IP_Flow 19-2313] Loaded Vivado IP repository 'C:/Xilinx/Vivado/2020.1/data/ip'.
INFO: [DRC 23-27] Running DRC with 2 threads
INFO: [Coretcl 2-168] The results of DRC are in file C:/Users/rebec/Documents/alchitry/MHP/work/vivado/MHP/MHP.runs/impl_1/au_top_0_drc_opted.rpt.
report_drc completed successfully
Command: place_design
Attempting to get a license for feature 'Implementation' and/or device 'xc7a35t'
INFO: [Common 17-349] Got license for feature 'Implementation' and/or device 'xc7a35t'
INFO: [DRC 23-27] Running DRC with 2 threads
INFO: [Vivado_Tcl 4-198] DRC finished with 0 Errors
INFO: [Vivado_Tcl 4-199] Please refer to the DRC report (report_drc) for more information.
Running DRC as a precondition to command place_design
INFO: [DRC 23-27] Running DRC with 2 threads
INFO: [Vivado_Tcl 4-198] DRC finished with 0 Errors
INFO: [Vivado_Tcl 4-199] Please refer to the DRC report (report_drc) for more information.

Starting Placer Task
INFO: [Place 30-611] Multithreading enabled for place_design using a maximum of 2 CPUs

Phase 1 Placer Initialization

Phase 1.1 Placer Initialization Netlist Sorting
Netlist sorting complete. Time (s): cpu = 00:00:00 ; elapsed = 00:00:00 . Memory (MB): peak = 1414.379 ; gain = 0.000
Phase 1.1 Placer Initialization Netlist Sorting | Checksum: 13007c745

Time (s): cpu = 00:00:00 ; elapsed = 00:00:00.006 . Memory (MB): peak = 1414.379 ; gain = 0.000
Netlist sorting complete. Time (s): cpu = 00:00:00 ; elapsed = 00:00:00 . Memory (MB): peak = 1414.379 ; gain = 0.000

Phase 1.2 IO Placement/ Clock Placement/ Build Placer Device
INFO: [Timing 38-35] Done setting XDC timing constraints.
Phase 1.2 IO Placement/ Clock Placement/ Build Placer Device | Checksum: 16607a813

Time (s): cpu = 00:00:01 ; elapsed = 00:00:00.593 . Memory (MB): peak = 1414.379 ; gain = 0.000

Phase 1.3 Build Placer Netlist Model
Phase 1.3 Build Placer Netlist Model | Checksum: 2629397a7

Time (s): cpu = 00:00:01 ; elapsed = 00:00:00.652 . Memory (MB): peak = 1414.379 ; gain = 0.000

Phase 1.4 Constrain Clocks/Macros
Phase 1.4 Constrain Clocks/Macros | Checksum: 2629397a7

Time (s): cpu = 00:00:01 ; elapsed = 00:00:00.655 . Memory (MB): peak = 1414.379 ; gain = 0.000
Phase 1 Placer Initialization | Checksum: 2629397a7

Time (s): cpu = 00:00:01 ; elapsed = 00:00:00.659 . Memory (MB): peak = 1414.379 ; gain = 0.000

Phase 2 Global Placement

Phase 2.1 Floorplanning
Phase 2.1 Floorplanning | Checksum: 241c1b874

Time (s): cpu = 00:00:01 ; elapsed = 00:00:00.715 . Memory (MB): peak = 1414.379 ; gain = 0.000

Phase 2.2 Global Placement Core

Phase 2.2.1 Physical Synthesis In Placer
INFO: [Physopt 32-1044] Break lutnm for timing: one critical 0, two critical 0, total 0, new lutff created 0
INFO: [Physopt 32-775] End 1 Pass. Optimized 0 net or cell. Created 0 new cell, deleted 0 existing cell and moved 0 existing cell
INFO: [Physopt 32-65] No nets found for high-fanout optimization.
INFO: [Physopt 32-232] Optimized 0 net. Created 0 new instance.
INFO: [Physopt 32-775] End 1 Pass. Optimized 0 net or cell. Created 0 new cell, deleted 0 existing cell and moved 0 existing cell
INFO: [Physopt 32-670] No setup violation found.  DSP Register Optimization was not performed.
INFO: [Physopt 32-670] No setup violation found.  Shift Register to Pipeline Optimization was not performed.
INFO: [Physopt 32-670] No setup violation found.  Shift Register Optimization was not performed.
INFO: [Physopt 32-670] No setup violation found.  BRAM Register Optimization was not performed.
INFO: [Physopt 32-670] No setup violation found.  URAM Register Optimization was not performed.
INFO: [Physopt 32-949] No candidate nets found for HD net replication
INFO: [Physopt 32-775] End 1 Pass. Optimized 0 net or cell. Created 0 new cell, deleted 0 existing cell and moved 0 existing cell
Netlist sorting complete. Time (s): cpu = 00:00:00 ; elapsed = 00:00:00 . Memory (MB): peak = 1414.379 ; gain = 0.000

Summary of Physical Synthesis Optimizations
============================================


-----------------------------------------------------------------------------------------------------------------------------------------------------------
|  Optimization                                     |  Added Cells  |  Removed Cells  |  Optimized Cells/Nets  |  Dont Touch  |  Iterations  |  Elapsed   |
-----------------------------------------------------------------------------------------------------------------------------------------------------------
|  LUT Combining                                    |            0  |              0  |                     0  |           0  |           1  |  00:00:00  |
|  Very High Fanout                                 |            0  |              0  |                     0  |           0  |           1  |  00:00:00  |
|  DSP Register                                     |            0  |              0  |                     0  |           0  |           0  |  00:00:00  |
|  Shift Register to Pipeline                       |            0  |              0  |                     0  |           0  |           0  |  00:00:00  |
|  Shift Register                                   |            0  |              0  |                     0  |           0  |           0  |  00:00:00  |
|  BRAM Register                                    |            0  |              0  |                     0  |           0  |           0  |  00:00:00  |
|  URAM Register                                    |            0  |              0  |                     0  |           0  |           0  |  00:00:00  |
|  Dynamic/Static Region Interface Net Replication  |            0  |              0  |                     0  |           0  |           1  |  00:00:00  |
|  Total                                            |            0  |              0  |                     0  |           0  |           3  |  00:00:00  |
-----------------------------------------------------------------------------------------------------------------------------------------------------------


Phase 2.2.1 Physical Synthesis In Placer | Checksum: 21fe2ba5f

Time (s): cpu = 00:00:02 ; elapsed = 00:00:01 . Memory (MB): peak = 1414.379 ; gain = 0.000
Phase 2.2 Global Placement Core | Checksum: 16786dfee

Time (s): cpu = 00:00:02 ; elapsed = 00:00:01 . Memory (MB): peak = 1414.379 ; gain = 0.000
Phase 2 Global Placement | Checksum: 16786dfee

Time (s): cpu = 00:00:02 ; elapsed = 00:00:01 . Memory (MB): peak = 1414.379 ; gain = 0.000

Phase 3 Detail Placement

Phase 3.1 Commit Multi Column Macros
Phase 3.1 Commit Multi Column Macros | Checksum: 19ef7ed3f

Time (s): cpu = 00:00:02 ; elapsed = 00:00:01 . Memory (MB): peak = 1414.379 ; gain = 0.000

Phase 3.2 Commit Most Macros & LUTRAMs
Phase 3.2 Commit Most Macros & LUTRAMs | Checksum: 1c4d726a9

Time (s): cpu = 00:00:02 ; elapsed = 00:00:01 . Memory (MB): peak = 1414.379 ; gain = 0.000

Phase 3.3 Area Swap Optimization
Phase 3.3 Area Swap Optimization | Checksum: 1e3801fbf

Time (s): cpu = 00:00:02 ; elapsed = 00:00:01 . Memory (MB): peak = 1414.379 ; gain = 0.000

Phase 3.4 Pipeline Register Optimization
Phase 3.4 Pipeline Register Optimization | Checksum: 19adf3072

Time (s): cpu = 00:00:02 ; elapsed = 00:00:01 . Memory (MB): peak = 1414.379 ; gain = 0.000

Phase 3.5 Small Shape Detail Placement
Phase 3.5 Small Shape Detail Placement | Checksum: 1ac6c3510

Time (s): cpu = 00:00:02 ; elapsed = 00:00:01 . Memory (MB): peak = 1414.379 ; gain = 0.000

Phase 3.6 Re-assign LUT pins
Phase 3.6 Re-assign LUT pins | Checksum: 1d16f8c29

Time (s): cpu = 00:00:02 ; elapsed = 00:00:01 . Memory (MB): peak = 1414.379 ; gain = 0.000

Phase 3.7 Pipeline Register Optimization
Phase 3.7 Pipeline Register Optimization | Checksum: 175c64ba2

Time (s): cpu = 00:00:02 ; elapsed = 00:00:01 . Memory (MB): peak = 1414.379 ; gain = 0.000
Phase 3 Detail Placement | Checksum: 175c64ba2

Time (s): cpu = 00:00:02 ; elapsed = 00:00:01 . Memory (MB): peak = 1414.379 ; gain = 0.000

Phase 4 Post Placement Optimization and Clean-Up

Phase 4.1 Post Commit Optimization
INFO: [Timing 38-35] Done setting XDC timing constraints.

Phase 4.1.1 Post Placement Optimization
Post Placement Optimization Initialization | Checksum: 163c57fb0

Phase 4.1.1.1 BUFG Insertion

Starting Physical Synthesis Task

Phase 1 Physical Synthesis Initialization
INFO: [Physopt 32-721] Multithreading enabled for phys_opt_design using a maximum of 2 CPUs
INFO: [Physopt 32-619] Estimated Timing Summary | WNS=7.378 | TNS=0.000 |
Phase 1 Physical Synthesis Initialization | Checksum: 15f26ce1d

Time (s): cpu = 00:00:00 ; elapsed = 00:00:00.010 . Memory (MB): peak = 1432.008 ; gain = 0.000
INFO: [Place 46-56] BUFG insertion identified 0 candidate nets. Inserted BUFG: 0, Replicated BUFG Driver: 0, Skipped due to Placement/Routing Conflicts: 0, Skipped due to Timing Degradation: 0, Skipped due to Illegal Netlist: 0.
Ending Physical Synthesis Task | Checksum: 140603a5d

Time (s): cpu = 00:00:00 ; elapsed = 00:00:00.011 . Memory (MB): peak = 1432.008 ; gain = 0.000
Phase 4.1.1.1 BUFG Insertion | Checksum: 163c57fb0

Time (s): cpu = 00:00:02 ; elapsed = 00:00:01 . Memory (MB): peak = 1432.008 ; gain = 17.629
INFO: [Place 30-746] Post Placement Timing Summary WNS=7.378. For the most accurate timing information please run report_timing.
Phase 4.1.1 Post Placement Optimization | Checksum: 1f2c3b3bf

Time (s): cpu = 00:00:02 ; elapsed = 00:00:01 . Memory (MB): peak = 1432.008 ; gain = 17.629
Phase 4.1 Post Commit Optimization | Checksum: 1f2c3b3bf

Time (s): cpu = 00:00:02 ; elapsed = 00:00:01 . Memory (MB): peak = 1432.008 ; gain = 17.629

Phase 4.2 Post Placement Cleanup
Phase 4.2 Post Placement Cleanup | Checksum: 1f2c3b3bf

Time (s): cpu = 00:00:02 ; elapsed = 00:00:01 . Memory (MB): peak = 1432.008 ; gain = 17.629

Phase 4.3 Placer Reporting
Phase 4.3 Placer Reporting | Checksum: 1f2c3b3bf

Time (s): cpu = 00:00:02 ; elapsed = 00:00:01 . Memory (MB): peak = 1432.008 ; gain = 17.629

Phase 4.4 Final Placement Cleanup
Netlist sorting complete. Time (s): cpu = 00:00:00 ; elapsed = 00:00:00 . Memory (MB): peak = 1432.008 ; gain = 0.000
Phase 4.4 Final Placement Cleanup | Checksum: 1b5b43c3c

Time (s): cpu = 00:00:02 ; elapsed = 00:00:01 . Memory (MB): peak = 1432.008 ; gain = 17.629
Phase 4 Post Placement Optimization and Clean-Up | Checksum: 1b5b43c3c

Time (s): cpu = 00:00:02 ; elapsed = 00:00:01 . Memory (MB): peak = 1432.008 ; gain = 17.629
Ending Placer Task | Checksum: c36dee9c

Time (s): cpu = 00:00:02 ; elapsed = 00:00:01 . Memory (MB): peak = 1432.008 ; gain = 17.629
INFO: [Common 17-83] Releasing license: Implementation
59 Infos, 0 Warnings, 0 Critical Warnings and 0 Errors encountered.
place_design completed successfully
INFO: [Timing 38-480] Writing timing data to binary archive.
Writing placer database...
Writing XDEF routing.
Writing XDEF routing logical nets.
Writing XDEF routing special nets.
Write XDEF Complete: Time (s): cpu = 00:00:01 ; elapsed = 00:00:00.041 . Memory (MB): peak = 1432.070 ; gain = 0.062
INFO: [Common 17-1381] The checkpoint 'C:/Users/rebec/Documents/alchitry/MHP/work/vivado/MHP/MHP.runs/impl_1/au_top_0_placed.dcp' has been generated.
INFO: [runtcl-4] Executing : report_io -file au_top_0_io_placed.rpt
report_io: Time (s): cpu = 00:00:00 ; elapsed = 00:00:00.059 . Memory (MB): peak = 1432.070 ; gain = 0.000
INFO: [runtcl-4] Executing : report_utilization -file au_top_0_utilization_placed.rpt -pb au_top_0_utilization_placed.pb
INFO: [runtcl-4] Executing : report_control_sets -verbose -file au_top_0_control_sets_placed.rpt
report_control_sets: Time (s): cpu = 00:00:00 ; elapsed = 00:00:00.011 . Memory (MB): peak = 1432.070 ; gain = 0.000
Command: phys_opt_design
Attempting to get a license for feature 'Implementation' and/or device 'xc7a35t'
INFO: [Common 17-349] Got license for feature 'Implementation' and/or device 'xc7a35t'
INFO: [Vivado_Tcl 4-383] Design worst setup slack (WNS) is greater than or equal to 0.000 ns. Skipping all physical synthesis optimizations.
INFO: [Vivado_Tcl 4-232] No setup violation found. The netlist was not modified.
INFO: [Common 17-83] Releasing license: Implementation
68 Infos, 0 Warnings, 0 Critical Warnings and 0 Errors encountered.
phys_opt_design completed successfully
INFO: [Timing 38-480] Writing timing data to binary archive.
Writing placer database...
Writing XDEF routing.
Writing XDEF routing logical nets.
Writing XDEF routing special nets.
Write XDEF Complete: Time (s): cpu = 00:00:00 ; elapsed = 00:00:00.041 . Memory (MB): peak = 1456.320 ; gain = 17.930
INFO: [Common 17-1381] The checkpoint 'C:/Users/rebec/Documents/alchitry/MHP/work/vivado/MHP/MHP.runs/impl_1/au_top_0_physopt.dcp' has been generated.
Command: route_design
Attempting to get a license for feature 'Implementation' and/or device 'xc7a35t'
INFO: [Common 17-349] Got license for feature 'Implementation' and/or device 'xc7a35t'
Running DRC as a precondition to command route_design
INFO: [DRC 23-27] Running DRC with 2 threads
INFO: [Vivado_Tcl 4-198] DRC finished with 0 Errors
INFO: [Vivado_Tcl 4-199] Please refer to the DRC report (report_drc) for more information.


Starting Routing Task
INFO: [Route 35-254] Multithreading enabled for route_design using a maximum of 2 CPUs
Checksum: PlaceDB: 448185d1 ConstDB: 0 ShapeSum: 7eec68cb RouteDB: 0

Phase 1 Build RT Design
Phase 1 Build RT Design | Checksum: c2dcdeaa

Time (s): cpu = 00:00:18 ; elapsed = 00:00:15 . Memory (MB): peak = 1554.188 ; gain = 87.828
Post Restoration Checksum: NetGraph: 47516852 NumContArr: 7b8b7658 Constraints: 0 Timing: 0

Phase 2 Router Initialization

Phase 2.1 Create Timer
Phase 2.1 Create Timer | Checksum: c2dcdeaa

Time (s): cpu = 00:00:18 ; elapsed = 00:00:15 . Memory (MB): peak = 1554.188 ; gain = 87.828

Phase 2.2 Fix Topology Constraints
Phase 2.2 Fix Topology Constraints | Checksum: c2dcdeaa

Time (s): cpu = 00:00:18 ; elapsed = 00:00:15 . Memory (MB): peak = 1560.211 ; gain = 93.852

Phase 2.3 Pre Route Cleanup
Phase 2.3 Pre Route Cleanup | Checksum: c2dcdeaa

Time (s): cpu = 00:00:18 ; elapsed = 00:00:15 . Memory (MB): peak = 1560.211 ; gain = 93.852
 Number of Nodes with overlaps = 0

Phase 2.4 Update Timing
Phase 2.4 Update Timing | Checksum: 24e1699c8

Time (s): cpu = 00:00:18 ; elapsed = 00:00:16 . Memory (MB): peak = 1565.340 ; gain = 98.980
INFO: [Route 35-416] Intermediate Timing Summary | WNS=7.384  | TNS=0.000  | WHS=-0.060 | THS=-0.179 |

Phase 2 Router Initialization | Checksum: 24632ecfb

Time (s): cpu = 00:00:18 ; elapsed = 00:00:16 . Memory (MB): peak = 1565.340 ; gain = 98.980

Router Utilization Summary
  Global Vertical Routing Utilization    = 0.000318903 %
  Global Horizontal Routing Utilization  = 0.000260281 %
  Routable Net Status*
  *Does not include unroutable nets such as driverless and loadless.
  Run report_route_status for detailed report.
  Number of Failed Nets               = 65
    (Failed Nets is the sum of unrouted and partially routed nets)
  Number of Unrouted Nets             = 63
  Number of Partially Routed Nets     = 2
  Number of Node Overlaps             = 3


Phase 3 Initial Routing
Phase 3 Initial Routing | Checksum: 15db5a642

Time (s): cpu = 00:00:18 ; elapsed = 00:00:16 . Memory (MB): peak = 1565.594 ; gain = 99.234

Phase 4 Rip-up And Reroute

Phase 4.1 Global Iteration 0
 Number of Nodes with overlaps = 3
 Number of Nodes with overlaps = 0
INFO: [Route 35-416] Intermediate Timing Summary | WNS=7.231  | TNS=0.000  | WHS=N/A    | THS=N/A    |

Phase 4.1 Global Iteration 0 | Checksum: 6baac7c9

Time (s): cpu = 00:00:18 ; elapsed = 00:00:16 . Memory (MB): peak = 1565.594 ; gain = 99.234
Phase 4 Rip-up And Reroute | Checksum: 6baac7c9

Time (s): cpu = 00:00:18 ; elapsed = 00:00:16 . Memory (MB): peak = 1565.594 ; gain = 99.234

Phase 5 Delay and Skew Optimization

Phase 5.1 Delay CleanUp
Phase 5.1 Delay CleanUp | Checksum: 6baac7c9

Time (s): cpu = 00:00:18 ; elapsed = 00:00:16 . Memory (MB): peak = 1565.594 ; gain = 99.234

Phase 5.2 Clock Skew Optimization
Phase 5.2 Clock Skew Optimization | Checksum: 6baac7c9

Time (s): cpu = 00:00:18 ; elapsed = 00:00:16 . Memory (MB): peak = 1565.594 ; gain = 99.234
Phase 5 Delay and Skew Optimization | Checksum: 6baac7c9

Time (s): cpu = 00:00:18 ; elapsed = 00:00:16 . Memory (MB): peak = 1565.594 ; gain = 99.234

Phase 6 Post Hold Fix

Phase 6.1 Hold Fix Iter

Phase 6.1.1 Update Timing
Phase 6.1.1 Update Timing | Checksum: f1e18bd6

Time (s): cpu = 00:00:18 ; elapsed = 00:00:16 . Memory (MB): peak = 1565.594 ; gain = 99.234
INFO: [Route 35-416] Intermediate Timing Summary | WNS=7.231  | TNS=0.000  | WHS=0.086  | THS=0.000  |

Phase 6.1 Hold Fix Iter | Checksum: f1e18bd6

Time (s): cpu = 00:00:18 ; elapsed = 00:00:16 . Memory (MB): peak = 1565.594 ; gain = 99.234
Phase 6 Post Hold Fix | Checksum: f1e18bd6

Time (s): cpu = 00:00:18 ; elapsed = 00:00:16 . Memory (MB): peak = 1565.594 ; gain = 99.234

Phase 7 Route finalize

Router Utilization Summary
  Global Vertical Routing Utilization    = 0.0308539 %
  Global Horizontal Routing Utilization  = 0.022254 %
  Routable Net Status*
  *Does not include unroutable nets such as driverless and loadless.
  Run report_route_status for detailed report.
  Number of Failed Nets               = 0
    (Failed Nets is the sum of unrouted and partially routed nets)
  Number of Unrouted Nets             = 0
  Number of Partially Routed Nets     = 0
  Number of Node Overlaps             = 0

Phase 7 Route finalize | Checksum: f1e18bd6

Time (s): cpu = 00:00:18 ; elapsed = 00:00:16 . Memory (MB): peak = 1565.594 ; gain = 99.234

Phase 8 Verifying routed nets

 Verification completed successfully
Phase 8 Verifying routed nets | Checksum: f1e18bd6

Time (s): cpu = 00:00:18 ; elapsed = 00:00:16 . Memory (MB): peak = 1567.660 ; gain = 101.301

Phase 9 Depositing Routes
Phase 9 Depositing Routes | Checksum: 12c1204b4

Time (s): cpu = 00:00:18 ; elapsed = 00:00:16 . Memory (MB): peak = 1567.660 ; gain = 101.301

Phase 10 Post Router Timing
INFO: [Route 35-57] Estimated Timing Summary | WNS=7.231  | TNS=0.000  | WHS=0.086  | THS=0.000  |

INFO: [Route 35-327] The final timing numbers are based on the router estimated timing analysis. For a complete and accurate timing signoff, please run report_timing_summary.
Phase 10 Post Router Timing | Checksum: 12c1204b4

Time (s): cpu = 00:00:18 ; elapsed = 00:00:16 . Memory (MB): peak = 1567.660 ; gain = 101.301
INFO: [Route 35-16] Router Completed Successfully

Time (s): cpu = 00:00:18 ; elapsed = 00:00:16 . Memory (MB): peak = 1567.660 ; gain = 101.301

Routing Is Done.
INFO: [Common 17-83] Releasing license: Implementation
82 Infos, 0 Warnings, 0 Critical Warnings and 0 Errors encountered.
route_design completed successfully
route_design: Time (s): cpu = 00:00:19 ; elapsed = 00:00:17 . Memory (MB): peak = 1567.660 ; gain = 111.340
INFO: [Timing 38-480] Writing timing data to binary archive.
Writing placer database...
Writing XDEF routing.
Writing XDEF routing logical nets.
Writing XDEF routing special nets.
Write XDEF Complete: Time (s): cpu = 00:00:00 ; elapsed = 00:00:00.045 . Memory (MB): peak = 1577.461 ; gain = 9.801
INFO: [Common 17-1381] The checkpoint 'C:/Users/rebec/Documents/alchitry/MHP/work/vivado/MHP/MHP.runs/impl_1/au_top_0_routed.dcp' has been generated.
INFO: [runtcl-4] Executing : report_drc -file au_top_0_drc_routed.rpt -pb au_top_0_drc_routed.pb -rpx au_top_0_drc_routed.rpx
Command: report_drc -file au_top_0_drc_routed.rpt -pb au_top_0_drc_routed.pb -rpx au_top_0_drc_routed.rpx
INFO: [IP_Flow 19-1839] IP Catalog is up to date.
INFO: [DRC 23-27] Running DRC with 2 threads
INFO: [Coretcl 2-168] The results of DRC are in file C:/Users/rebec/Documents/alchitry/MHP/work/vivado/MHP/MHP.runs/impl_1/au_top_0_drc_routed.rpt.
report_drc completed successfully
INFO: [runtcl-4] Executing : report_methodology -file au_top_0_methodology_drc_routed.rpt -pb au_top_0_methodology_drc_routed.pb -rpx au_top_0_methodology_drc_routed.rpx
Command: report_methodology -file au_top_0_methodology_drc_routed.rpt -pb au_top_0_methodology_drc_routed.pb -rpx au_top_0_methodology_drc_routed.rpx
INFO: [Timing 38-35] Done setting XDC timing constraints.
INFO: [DRC 23-133] Running Methodology with 2 threads
INFO: [Coretcl 2-1520] The results of Report Methodology are in file C:/Users/rebec/Documents/alchitry/MHP/work/vivado/MHP/MHP.runs/impl_1/au_top_0_methodology_drc_routed.rpt.
report_methodology completed successfully
INFO: [runtcl-4] Executing : report_power -file au_top_0_power_routed.rpt -pb au_top_0_power_summary_routed.pb -rpx au_top_0_power_routed.rpx
Command: report_power -file au_top_0_power_routed.rpt -pb au_top_0_power_summary_routed.pb -rpx au_top_0_power_routed.rpx
INFO: [Timing 38-35] Done setting XDC timing constraints.
Running Vector-less Activity Propagation...

Finished Running Vector-less Activity Propagation
94 Infos, 0 Warnings, 0 Critical Warnings and 0 Errors encountered.
report_power completed successfully
INFO: [runtcl-4] Executing : report_route_status -file au_top_0_route_status.rpt -pb au_top_0_route_status.pb
INFO: [runtcl-4] Executing : report_timing_summary -max_paths 10 -file au_top_0_timing_summary_routed.rpt -pb au_top_0_timing_summary_routed.pb -rpx au_top_0_timing_summary_routed.rpx -warn_on_violation 
INFO: [Timing 38-91] UpdateTimingParams: Speed grade: -1, Delay Type: min_max.
INFO: [Timing 38-191] Multithreading enabled for timing update using a maximum of 2 CPUs
INFO: [runtcl-4] Executing : report_incremental_reuse -file au_top_0_incremental_reuse_routed.rpt
INFO: [Vivado_Tcl 4-1062] Incremental flow is disabled. No incremental reuse Info to report.
INFO: [runtcl-4] Executing : report_clock_utilization -file au_top_0_clock_utilization_routed.rpt
INFO: [runtcl-4] Executing : report_bus_skew -warn_on_violation -file au_top_0_bus_skew_routed.rpt -pb au_top_0_bus_skew_routed.pb -rpx au_top_0_bus_skew_routed.rpx
INFO: [Timing 38-91] UpdateTimingParams: Speed grade: -1, Delay Type: min_max.
INFO: [Timing 38-191] Multithreading enabled for timing update using a maximum of 2 CPUs
Command: write_bitstream -force au_top_0.bit -bin_file
Attempting to get a license for feature 'Implementation' and/or device 'xc7a35t'
INFO: [Common 17-349] Got license for feature 'Implementation' and/or device 'xc7a35t'
Running DRC as a precondition to command write_bitstream
INFO: [IP_Flow 19-1839] IP Catalog is up to date.
INFO: [DRC 23-27] Running DRC with 2 threads
ERROR: [DRC NSTD-1] Unspecified I/O Standard: 8 out of 57 logical ports use I/O standard (IOSTANDARD) value 'DEFAULT', instead of a user assigned specific value. This may cause I/O contention or incompatibility with the board power or connectivity affecting performance, signal integrity or in extreme cases cause damage to the device or the components to which it is connected. To correct this violation, specify all I/O standards. This design will fail to generate a bitstream unless all logical ports have a user specified I/O standard value defined. To allow bitstream creation with unspecified I/O standard values (not recommended), use this command: set_property SEVERITY {Warning} [get_drc_checks NSTD-1].  NOTE: When using the Vivado Runs infrastructure (e.g. launch_runs Tcl command), add this command to a .tcl file and add that file as a pre-hook for write_bitstream step for the implementation run. Problem ports: a_b_cin_input[2:0], a_b_cout_output[2:0], and s_cout_input[1:0].
ERROR: [DRC UCIO-1] Unconstrained Logical Port: 8 out of 57 logical ports have no user assigned specific location constraint (LOC). This may cause I/O contention or incompatibility with the board power or connectivity affecting performance, signal integrity or in extreme cases cause damage to the device or the components to which it is connected. To correct this violation, specify all pin locations. This design will fail to generate a bitstream unless all logical ports have a user specified site LOC constraint defined.  To allow bitstream creation with unspecified pin locations (not recommended), use this command: set_property SEVERITY {Warning} [get_drc_checks UCIO-1].  NOTE: When using the Vivado Runs infrastructure (e.g. launch_runs Tcl command), add this command to a .tcl file and add that file as a pre-hook for write_bitstream step for the implementation run.  Problem ports: a_b_cin_input[2:0], a_b_cout_output[2:0], and s_cout_input[1:0].
WARNING: [DRC PDRC-153] Gated clock check: Net slowclock/M_ctr_q_reg[26]_0 is a gated clock net sourced by a combinational pin slowclock/M_fulladder_x_reg[0]_i_2/O, cell slowclock/M_fulladder_x_reg[0]_i_2. This is not good design practice and will likely impact performance. For SLICE registers, for example, use the CE pin to control the loading of data.
INFO: [Vivado 12-3199] DRC finished with 2 Errors, 1 Warnings
INFO: [Vivado 12-3200] Please refer to the DRC report (report_drc) for more information.
ERROR: [Vivado 12-1345] Error(s) found during DRC. Bitgen not run.
INFO: [Common 17-83] Releasing license: Implementation
110 Infos, 1 Warnings, 0 Critical Warnings and 3 Errors encountered.
write_bitstream failed
ERROR: [Common 17-39] 'write_bitstream' failed due to earlier errors.

INFO: [Common 17-206] Exiting Vivado at Sat Oct 10 20:55:28 2020...
[Sat Oct 10 20:55:32 2020] impl_1 finished
WARNING: [Vivado 12-8222] Failed run(s) : 'impl_1'
wait_on_run: Time (s): cpu = 00:00:00 ; elapsed = 00:00:56 . Memory (MB): peak = 1013.418 ; gain = 0.000
INFO: [Common 17-206] Exiting Vivado at Sat Oct 10 20:55:32 2020...

Bin file (C:\Users\rebec\Documents\alchitry\MHP\work\vivado\MHP\MHP.runs\impl_1\au_top_0.bin) could not be found! The build probably failed.
